<?xml version="1.0" encoding="UTF-8" ?>
<testsuites>
  <testsuite errors="0" failures="0" hostname="RAVENROOST" id="0" name="QuoteServiceSpec" package="qotd" tests="1" time="0.233" timestamp="2015-07-12T18:14:46">
      <properties />

      <testcase classname="qotd.QuoteServiceSpec" name="static quote service always returns quiche quote" time="0.225" />

      <system-out><![CDATA[--Output from static quote service always returns quiche quote--
]]></system-out>

      <system-err><![CDATA[--Output from static quote service always returns quiche quote--
]]></system-err>

  </testsuite>
</testsuites>
